d:\code\snake\smake\x64\release\vc143.pdb
d:\code\snake\smake\x64\release\main.obj
d:\code\snake\smake\x64\release\snakegame.obj
d:\code\snake\smake\x64\release\logic.obj
d:\code\snake\smake\x64\release\input.obj
d:\code\snake\smake\x64\release\game.obj
d:\code\snake\smake\x64\release\draw.obj
d:\code\snake\smake\x64\release\cursor.obj
d:\code\snake\smake\x64\release\smake.ipdb
d:\code\snake\smake\x64\release\smake.iobj
d:\code\snake\smake\x64\release\smake.exe
d:\code\snake\smake\x64\release\smake.pdb
d:\code\snake\smake\x64\release\smake.obj
d:\code\snake\smake\x64\release\smake.tlog\cl.command.1.tlog
d:\code\snake\smake\x64\release\smake.tlog\cl.read.1.tlog
d:\code\snake\smake\x64\release\smake.tlog\cl.write.1.tlog
d:\code\snake\smake\x64\release\smake.tlog\link.command.1.tlog
d:\code\snake\smake\x64\release\smake.tlog\link.read.1.tlog
d:\code\snake\smake\x64\release\smake.tlog\link.write.1.tlog
d:\code\snake\smake\x64\release\smake.tlog\link.write.2u.tlog
